### Source
```
1	
2	# 10 to 100 by 5's
3	for each in range(10,101,5):
4	    print(each, end=" ")
5	print()
6	
7	# 10 to 90 
8	for each in range(10,101,5):
9	    if( each%10 == 0 ):
10	        print(each, end=" ")
11	print()
12	
13	for each in range(10,101,5):
14	    if( (each+5)%10 == 0 ):
15	        print(each, end=" ")
16	print()
17	
18	# import <module> as alias
19	# alias.f()
20	
21	#True, False
22	#break, continue, pass
23	
24	
```

### Output
```


```
### Explanation

### Details
*
---
Embedded lines in md.
