1	import locale
2	
3	# set the locale for use in currency formatting
4	locale.setlocale(locale.LC_ALL, 'en_US')
5	
6	# No splash screen yet!
7	print("This is a application that does a financial calculation")
8	print()
9	
10	user_input = "y"
11	while user_input.lower() == "y":
12	    # get input from the user
13	    savings_amount = float(input("Enter a monthly savings amount:\t$"))
14	
15	    # show sum for next 12 months
16	    for i in range(1,13):
17	        # format and display the result
18	        print(f"Savings at {i} month(s):",end="")
19	        print( "\t" + locale.currency(i * savings_amount, grouping=True) )
20	
21	    # see if the user wants to continue
22	    user_input = input("Show differenat amount? (y/n): ")
23	    print()
24	
25	print("Thanks!")
